Flow report for crowbar
Wed Jul 17 18:03:37 2024
Quartus II 64-Bit Version 13.1.0 Build 162 10/23/2013 SJ Web Edition


---------------------
; Table of Contents ;
---------------------
  1. Legal Notice
  2. Flow Summary
  3. Flow Settings
  4. Flow Non-Default Global Settings
  5. Flow Elapsed Time
  6. Flow OS Summary
  7. Flow Log
  8. Flow Messages
  9. Flow Suppressed Messages



----------------
; Legal Notice ;
----------------
Copyright (C) 1991-2013 Altera Corporation
Your use of Altera Corporation's design tools, logic functions 
and other software and tools, and its AMPP partner logic 
functions, and any output files from any of the foregoing 
(including device programming or simulation files), and any 
associated documentation or information are expressly subject 
to the terms and conditions of the Altera Program License 
Subscription Agreement, Altera MegaCore Function License 
Agreement, or other applicable license agreement, including, 
without limitation, that your use is for the sole purpose of 
programming logic devices manufactured by Altera and sold by 
Altera or its authorized distributors.  Please refer to the 
applicable agreement for further details.



+---------------------------------------------------------------------------------+
; Flow Summary                                                                    ;
+------------------------------------+--------------------------------------------+
; Flow Status                        ; Successful - Wed Jul 17 18:03:37 2024      ;
; Quartus II 64-Bit Version          ; 13.1.0 Build 162 10/23/2013 SJ Web Edition ;
; Revision Name                      ; crowbar                                    ;
; Top-level Entity Name              ; MainScheme                                 ;
; Family                             ; Cyclone III                                ;
; Device                             ; EP3C16F484C6                               ;
; Timing Models                      ; Final                                      ;
; Total logic elements               ; 0 / 15,408 ( 0 % )                         ;
;     Total combinational functions  ; 0 / 15,408 ( 0 % )                         ;
;     Dedicated logic registers      ; 0 / 15,408 ( 0 % )                         ;
; Total registers                    ; 0                                          ;
; Total pins                         ; 41 / 347 ( 12 % )                          ;
; Total virtual pins                 ; 0                                          ;
; Total memory bits                  ; 0 / 516,096 ( 0 % )                        ;
; Embedded Multiplier 9-bit elements ; 0 / 112 ( 0 % )                            ;
; Total PLLs                         ; 0 / 4 ( 0 % )                              ;
+------------------------------------+--------------------------------------------+


+-----------------------------------------+
; Flow Settings                           ;
+-------------------+---------------------+
; Option            ; Setting             ;
+-------------------+---------------------+
; Start date & time ; 07/17/2024 18:03:26 ;
; Main task         ; Compilation         ;
; Revision Name     ; crowbar             ;
+-------------------+---------------------+


+----------------------------------------------------------------------------------------------------------------------------+
; Flow Non-Default Global Settings                                                                                           ;
+-------------------------------------+---------------------------------------+---------------+-------------+----------------+
; Assignment Name                     ; Value                                 ; Default Value ; Entity Name ; Section Id     ;
+-------------------------------------+---------------------------------------+---------------+-------------+----------------+
; COMPILER_SIGNATURE_ID               ; 127913722665915.172123220613144       ; --            ; --          ; --             ;
; EDA_OUTPUT_DATA_FORMAT              ; Vhdl                                  ; --            ; --          ; eda_simulation ;
; EDA_SIMULATION_TOOL                 ; ModelSim-Altera (VHDL)                ; <None>        ; --          ; --             ;
; IP_TOOL_NAME                        ; LPM_MUX                               ; --            ; --          ; --             ;
; IP_TOOL_NAME                        ; LPM_DECODE                            ; --            ; --          ; --             ;
; IP_TOOL_NAME                        ; LPM_MUX                               ; --            ; --          ; --             ;
; IP_TOOL_NAME                        ; LPM_ADD_SUB                           ; --            ; --          ; --             ;
; IP_TOOL_NAME                        ; LPM_COMPARE                           ; --            ; --          ; --             ;
; IP_TOOL_NAME                        ; LPM_COMPARE                           ; --            ; --          ; --             ;
; IP_TOOL_NAME                        ; LPM_CLSHIFT                           ; --            ; --          ; --             ;
; IP_TOOL_NAME                        ; LPM_CLSHIFT                           ; --            ; --          ; --             ;
; IP_TOOL_NAME                        ; LPM_CLSHIFT                           ; --            ; --          ; --             ;
; IP_TOOL_NAME                        ; LPM_ADD_SUB                           ; --            ; --          ; --             ;
; IP_TOOL_NAME                        ; LPM_ADD_SUB                           ; --            ; --          ; --             ;
; IP_TOOL_NAME                        ; LPM_COMPARE                           ; --            ; --          ; --             ;
; IP_TOOL_NAME                        ; LPM_COMPARE                           ; --            ; --          ; --             ;
; IP_TOOL_NAME                        ; RAM: 1-PORT                           ; --            ; --          ; --             ;
; IP_TOOL_VERSION                     ; 13.1                                  ; --            ; --          ; --             ;
; IP_TOOL_VERSION                     ; 13.1                                  ; --            ; --          ; --             ;
; IP_TOOL_VERSION                     ; 13.1                                  ; --            ; --          ; --             ;
; IP_TOOL_VERSION                     ; 13.1                                  ; --            ; --          ; --             ;
; IP_TOOL_VERSION                     ; 13.1                                  ; --            ; --          ; --             ;
; IP_TOOL_VERSION                     ; 13.1                                  ; --            ; --          ; --             ;
; IP_TOOL_VERSION                     ; 13.1                                  ; --            ; --          ; --             ;
; IP_TOOL_VERSION                     ; 13.1                                  ; --            ; --          ; --             ;
; IP_TOOL_VERSION                     ; 13.1                                  ; --            ; --          ; --             ;
; IP_TOOL_VERSION                     ; 13.1                                  ; --            ; --          ; --             ;
; IP_TOOL_VERSION                     ; 13.1                                  ; --            ; --          ; --             ;
; IP_TOOL_VERSION                     ; 13.1                                  ; --            ; --          ; --             ;
; IP_TOOL_VERSION                     ; 13.1                                  ; --            ; --          ; --             ;
; IP_TOOL_VERSION                     ; 13.1                                  ; --            ; --          ; --             ;
; MAX_CORE_JUNCTION_TEMP              ; 85                                    ; --            ; --          ; --             ;
; MIN_CORE_JUNCTION_TEMP              ; 0                                     ; --            ; --          ; --             ;
; MISC_FILE                           ; MUX_32_5.cmp                          ; --            ; --          ; --             ;
; MISC_FILE                           ; DC32.bsf                              ; --            ; --          ; --             ;
; MISC_FILE                           ; DC32.cmp                              ; --            ; --          ; --             ;
; MISC_FILE                           ; Multiplexer32x1.bsf                   ; --            ; --          ; --             ;
; MISC_FILE                           ; Multiplexer32x1.cmp                   ; --            ; --          ; --             ;
; MISC_FILE                           ; add.bsf                               ; --            ; --          ; --             ;
; MISC_FILE                           ; add.cmp                               ; --            ; --          ; --             ;
; MISC_FILE                           ; cmpx.bsf                              ; --            ; --          ; --             ;
; MISC_FILE                           ; cmpx.cmp                              ; --            ; --          ; --             ;
; MISC_FILE                           ; cmpux.bsf                             ; --            ; --          ; --             ;
; MISC_FILE                           ; cmpux.cmp                             ; --            ; --          ; --             ;
; MISC_FILE                           ; shift.bsf                             ; --            ; --          ; --             ;
; MISC_FILE                           ; shift.cmp                             ; --            ; --          ; --             ;
; MISC_FILE                           ; shift_right.bsf                       ; --            ; --          ; --             ;
; MISC_FILE                           ; shift_right.cmp                       ; --            ; --          ; --             ;
; MISC_FILE                           ; shiftA.bsf                            ; --            ; --          ; --             ;
; MISC_FILE                           ; shiftA.cmp                            ; --            ; --          ; --             ;
; MISC_FILE                           ; sub.bsf                               ; --            ; --          ; --             ;
; MISC_FILE                           ; sub.cmp                               ; --            ; --          ; --             ;
; MISC_FILE                           ; add_pc.bsf                            ; --            ; --          ; --             ;
; MISC_FILE                           ; add_pc.cmp                            ; --            ; --          ; --             ;
; MISC_FILE                           ; comparator.bsf                        ; --            ; --          ; --             ;
; MISC_FILE                           ; comparator.cmp                        ; --            ; --          ; --             ;
; MISC_FILE                           ; comparator_signed.bsf                 ; --            ; --          ; --             ;
; MISC_FILE                           ; comparator_signed.cmp                 ; --            ; --          ; --             ;
; MISC_FILE                           ; RAM.bsf                               ; --            ; --          ; --             ;
; MISC_FILE                           ; RAM.cmp                               ; --            ; --          ; --             ;
; PARTITION_COLOR                     ; 16764057                              ; --            ; MainScheme  ; Top            ;
; PARTITION_FITTER_PRESERVATION_LEVEL ; PLACEMENT_AND_ROUTING                 ; --            ; MainScheme  ; Top            ;
; PARTITION_NETLIST_TYPE              ; SOURCE                                ; --            ; MainScheme  ; Top            ;
; POWER_BOARD_THERMAL_MODEL           ; None (CONSERVATIVE)                   ; --            ; --          ; --             ;
; POWER_PRESET_COOLING_SOLUTION       ; 23 MM HEAT SINK WITH 200 LFPM AIRFLOW ; --            ; --          ; --             ;
; PROJECT_OUTPUT_DIRECTORY            ; output_files                          ; --            ; --          ; --             ;
; TOP_LEVEL_ENTITY                    ; MainScheme                            ; crowbar       ; --          ; --             ;
+-------------------------------------+---------------------------------------+---------------+-------------+----------------+


+-------------------------------------------------------------------------------------------------------------------------------+
; Flow Elapsed Time                                                                                                             ;
+---------------------------+--------------+-------------------------+---------------------+------------------------------------+
; Module Name               ; Elapsed Time ; Average Processors Used ; Peak Virtual Memory ; Total CPU Time (on all processors) ;
+---------------------------+--------------+-------------------------+---------------------+------------------------------------+
; Analysis & Synthesis      ; 00:00:02     ; 1.0                     ; 4726 MB             ; 00:00:02                           ;
; Fitter                    ; 00:00:03     ; 1.0                     ; 5444 MB             ; 00:00:03                           ;
; Assembler                 ; 00:00:01     ; 1.0                     ; 4579 MB             ; 00:00:01                           ;
; TimeQuest Timing Analyzer ; 00:00:01     ; 1.0                     ; 4689 MB             ; 00:00:01                           ;
; EDA Netlist Writer        ; 00:00:00     ; 1.0                     ; 4548 MB             ; 00:00:00                           ;
; Total                     ; 00:00:07     ; --                      ; --                  ; 00:00:07                           ;
+---------------------------+--------------+-------------------------+---------------------+------------------------------------+


+----------------------------------------------------------------------------------------+
; Flow OS Summary                                                                        ;
+---------------------------+------------------+-----------+------------+----------------+
; Module Name               ; Machine Hostname ; OS Name   ; OS Version ; Processor type ;
+---------------------------+------------------+-----------+------------+----------------+
; Analysis & Synthesis      ; PC               ; Windows 7 ; 6.2        ; x86_64         ;
; Fitter                    ; PC               ; Windows 7 ; 6.2        ; x86_64         ;
; Assembler                 ; PC               ; Windows 7 ; 6.2        ; x86_64         ;
; TimeQuest Timing Analyzer ; PC               ; Windows 7 ; 6.2        ; x86_64         ;
; EDA Netlist Writer        ; PC               ; Windows 7 ; 6.2        ; x86_64         ;
+---------------------------+------------------+-----------+------------+----------------+


------------
; Flow Log ;
------------
quartus_map --read_settings_files=on --write_settings_files=off crowbar -c crowbar
quartus_fit --read_settings_files=off --write_settings_files=off crowbar -c crowbar
quartus_asm --read_settings_files=off --write_settings_files=off crowbar -c crowbar
quartus_sta crowbar -c crowbar
quartus_eda --read_settings_files=off --write_settings_files=off crowbar -c crowbar



